This is pdfTeX, Version 3.14159265-2.6-1.40.16 (TeX Live 2015) (preloaded format=pdflatex 2016.4.18)  21 MAR 2017 16:55
entering extended mode
 restricted \write18 enabled.
 file:line:error style messages enabled.
 %&-line parsing enabled.
**/Users/naruse/dev/UALR/Clases/Spring2017/ARDataVisualizationVideoGamesSales/D
oc/FinalProjectReport/FinalReport.tex

(/Users/naruse/dev/UALR/Clases/Spring2017/ARDataVisualizationVideoGamesSales/Do
c/FinalProjectReport/FinalReport.tex
LaTeX2e <2015/01/01>
Babel <3.9l> and hyphenation patterns for 79 languages loaded.
(/usr/local/texlive/2015/texmf-dist/tex/latex/base/article.cls
Document Class: article 2014/09/29 v1.4h Standard LaTeX document class
(/usr/local/texlive/2015/texmf-dist/tex/latex/base/size10.clo
File: size10.clo 2014/09/29 v1.4h Standard LaTeX file (size option)
)
\c@part=\count79
\c@section=\count80
\c@subsection=\count81
\c@subsubsection=\count82
\c@paragraph=\count83
\c@subparagraph=\count84
\c@figure=\count85
\c@table=\count86
\abovecaptionskip=\skip41
\belowcaptionskip=\skip42
\bibindent=\dimen102
)
(/usr/local/texlive/2015/texmf-dist/tex/latex/chngcntr/chngcntr.sty
Package: chngcntr 2009/09/02 v1.0a change counter resetting
)
(/usr/local/texlive/2015/texmf-dist/tex/latex/graphics/graphicx.sty
Package: graphicx 2014/10/28 v1.0g Enhanced LaTeX Graphics (DPC,SPQR)

(/usr/local/texlive/2015/texmf-dist/tex/latex/graphics/keyval.sty
Package: keyval 2014/10/28 v1.15 key=value parser (DPC)
\KV@toks@=\toks14
)
(/usr/local/texlive/2015/texmf-dist/tex/latex/graphics/graphics.sty
Package: graphics 2014/10/28 v1.0p Standard LaTeX Graphics (DPC,SPQR)

(/usr/local/texlive/2015/texmf-dist/tex/latex/graphics/trig.sty
Package: trig 1999/03/16 v1.09 sin cos tan (DPC)
)
(/usr/local/texlive/2015/texmf-dist/tex/latex/latexconfig/graphics.cfg
File: graphics.cfg 2010/04/23 v1.9 graphics configuration of TeX Live
)
Package graphics Info: Driver file: pdftex.def on input line 94.

(/usr/local/texlive/2015/texmf-dist/tex/latex/pdftex-def/pdftex.def
File: pdftex.def 2011/05/27 v0.06d Graphics/color for pdfTeX

(/usr/local/texlive/2015/texmf-dist/tex/generic/oberdiek/infwarerr.sty
Package: infwarerr 2010/04/08 v1.3 Providing info/warning/error messages (HO)
)
(/usr/local/texlive/2015/texmf-dist/tex/generic/oberdiek/ltxcmds.sty
Package: ltxcmds 2011/11/09 v1.22 LaTeX kernel commands for general use (HO)
)
\Gread@gobject=\count87
))
\Gin@req@height=\dimen103
\Gin@req@width=\dimen104
)
(/usr/local/texlive/2015/texmf-dist/tex/latex/hyperref/hyperref.sty
Package: hyperref 2012/11/06 v6.83m Hypertext links for LaTeX

(/usr/local/texlive/2015/texmf-dist/tex/generic/oberdiek/hobsub-hyperref.sty
Package: hobsub-hyperref 2012/05/28 v1.13 Bundle oberdiek, subset hyperref (HO)


(/usr/local/texlive/2015/texmf-dist/tex/generic/oberdiek/hobsub-generic.sty
Package: hobsub-generic 2012/05/28 v1.13 Bundle oberdiek, subset generic (HO)
Package: hobsub 2012/05/28 v1.13 Construct package bundles (HO)
Package hobsub Info: Skipping package `infwarerr' (already loaded).
Package hobsub Info: Skipping package `ltxcmds' (already loaded).
Package: ifluatex 2010/03/01 v1.3 Provides the ifluatex switch (HO)
Package ifluatex Info: LuaTeX not detected.
Package: ifvtex 2010/03/01 v1.5 Detect VTeX and its facilities (HO)
Package ifvtex Info: VTeX not detected.
Package: intcalc 2007/09/27 v1.1 Expandable calculations with integers (HO)
Package: ifpdf 2011/01/30 v2.3 Provides the ifpdf switch (HO)
Package ifpdf Info: pdfTeX in PDF mode is detected.
Package: etexcmds 2011/02/16 v1.5 Avoid name clashes with e-TeX commands (HO)
Package etexcmds Info: Could not find \expanded.
(etexcmds)             That can mean that you are not using pdfTeX 1.50 or
(etexcmds)             that some package has redefined \expanded.
(etexcmds)             In the latter case, load this package earlier.
Package: kvsetkeys 2012/04/25 v1.16 Key value parser (HO)
Package: kvdefinekeys 2011/04/07 v1.3 Define keys (HO)
Package: pdftexcmds 2011/11/29 v0.20 Utility functions of pdfTeX for LuaTeX (HO
)
Package pdftexcmds Info: LuaTeX not detected.
Package pdftexcmds Info: \pdf@primitive is available.
Package pdftexcmds Info: \pdf@ifprimitive is available.
Package pdftexcmds Info: \pdfdraftmode found.
Package: pdfescape 2011/11/25 v1.13 Implements pdfTeX's escape features (HO)
Package: bigintcalc 2012/04/08 v1.3 Expandable calculations on big integers (HO
)
Package: bitset 2011/01/30 v1.1 Handle bit-vector datatype (HO)
Package: uniquecounter 2011/01/30 v1.2 Provide unlimited unique counter (HO)
)
Package hobsub Info: Skipping package `hobsub' (already loaded).
Package: letltxmacro 2010/09/02 v1.4 Let assignment for LaTeX macros (HO)
Package: hopatch 2012/05/28 v1.2 Wrapper for package hooks (HO)
Package: xcolor-patch 2011/01/30 xcolor patch
Package: atveryend 2011/06/30 v1.8 Hooks at the very end of document (HO)
Package atveryend Info: \enddocument detected (standard20110627).
Package: atbegshi 2011/10/05 v1.16 At begin shipout hook (HO)
Package: refcount 2011/10/16 v3.4 Data extraction from label references (HO)
Package: hycolor 2011/01/30 v1.7 Color options for hyperref/bookmark (HO)
)
(/usr/local/texlive/2015/texmf-dist/tex/generic/ifxetex/ifxetex.sty
Package: ifxetex 2010/09/12 v0.6 Provides ifxetex conditional
)
(/usr/local/texlive/2015/texmf-dist/tex/latex/oberdiek/auxhook.sty
Package: auxhook 2011/03/04 v1.3 Hooks for auxiliary files (HO)
)
(/usr/local/texlive/2015/texmf-dist/tex/latex/oberdiek/kvoptions.sty
Package: kvoptions 2011/06/30 v3.11 Key value format for package options (HO)
)
\@linkdim=\dimen105
\Hy@linkcounter=\count88
\Hy@pagecounter=\count89

(/usr/local/texlive/2015/texmf-dist/tex/latex/hyperref/pd1enc.def
File: pd1enc.def 2012/11/06 v6.83m Hyperref: PDFDocEncoding definition (HO)
)
\Hy@SavedSpaceFactor=\count90

(/usr/local/texlive/2015/texmf-dist/tex/latex/latexconfig/hyperref.cfg
File: hyperref.cfg 2002/06/06 v1.2 hyperref configuration of TeXLive
)
Package hyperref Info: Hyper figures OFF on input line 4443.
Package hyperref Info: Link nesting OFF on input line 4448.
Package hyperref Info: Hyper index ON on input line 4451.
Package hyperref Info: Plain pages OFF on input line 4458.
Package hyperref Info: Backreferencing OFF on input line 4463.
Package hyperref Info: Implicit mode ON; LaTeX internals redefined.
Package hyperref Info: Bookmarks ON on input line 4688.
\c@Hy@tempcnt=\count91

(/usr/local/texlive/2015/texmf-dist/tex/latex/url/url.sty
\Urlmuskip=\muskip10
Package: url 2013/09/16  ver 3.4  Verb mode for urls, etc.
)
LaTeX Info: Redefining \url on input line 5041.
\XeTeXLinkMargin=\dimen106
\Fld@menulength=\count92
\Field@Width=\dimen107
\Fld@charsize=\dimen108
Package hyperref Info: Hyper figures OFF on input line 6295.
Package hyperref Info: Link nesting OFF on input line 6300.
Package hyperref Info: Hyper index ON on input line 6303.
Package hyperref Info: backreferencing OFF on input line 6310.
Package hyperref Info: Link coloring OFF on input line 6315.
Package hyperref Info: Link coloring with OCG OFF on input line 6320.
Package hyperref Info: PDF/A mode OFF on input line 6325.
LaTeX Info: Redefining \ref on input line 6365.
LaTeX Info: Redefining \pageref on input line 6369.
\Hy@abspage=\count93
\c@Item=\count94
\c@Hfootnote=\count95
)

Package hyperref Message: Driver (autodetected): hpdftex.

(/usr/local/texlive/2015/texmf-dist/tex/latex/hyperref/hpdftex.def
File: hpdftex.def 2012/11/06 v6.83m Hyperref driver for pdfTeX
\Fld@listcount=\count96
\c@bookmark@seq@number=\count97

(/usr/local/texlive/2015/texmf-dist/tex/latex/oberdiek/rerunfilecheck.sty
Package: rerunfilecheck 2011/04/15 v1.7 Rerun checks for auxiliary files (HO)
Package uniquecounter Info: New unique counter `rerunfilecheck' on input line 2
82.
)
\Hy@SectionHShift=\skip43
)
(/usr/local/texlive/2015/texmf-dist/tex/latex/setspace/setspace.sty
Package: setspace 2011/12/19 v6.7a set line spacing
)
(./FinalReport.aux)
\openout1 = `FinalReport.aux'.

LaTeX Font Info:    Checking defaults for OML/cmm/m/it on input line 10.
LaTeX Font Info:    ... okay on input line 10.
LaTeX Font Info:    Checking defaults for T1/cmr/m/n on input line 10.
LaTeX Font Info:    ... okay on input line 10.
LaTeX Font Info:    Checking defaults for OT1/cmr/m/n on input line 10.
LaTeX Font Info:    ... okay on input line 10.
LaTeX Font Info:    Checking defaults for OMS/cmsy/m/n on input line 10.
LaTeX Font Info:    ... okay on input line 10.
LaTeX Font Info:    Checking defaults for OMX/cmex/m/n on input line 10.
LaTeX Font Info:    ... okay on input line 10.
LaTeX Font Info:    Checking defaults for U/cmr/m/n on input line 10.
LaTeX Font Info:    ... okay on input line 10.
LaTeX Font Info:    Checking defaults for PD1/pdf/m/n on input line 10.
LaTeX Font Info:    ... okay on input line 10.

(/usr/local/texlive/2015/texmf-dist/tex/context/base/supp-pdf.mkii
[Loading MPS to PDF converter (version 2006.09.02).]
\scratchcounter=\count98
\scratchdimen=\dimen109
\scratchbox=\box26
\nofMPsegments=\count99
\nofMParguments=\count100
\everyMPshowfont=\toks15
\MPscratchCnt=\count101
\MPscratchDim=\dimen110
\MPnumerator=\count102
\makeMPintoPDFobject=\count103
\everyMPtoPDFconversion=\toks16
) (/usr/local/texlive/2015/texmf-dist/tex/latex/oberdiek/epstopdf-base.sty
Package: epstopdf-base 2010/02/09 v2.5 Base part for package epstopdf

(/usr/local/texlive/2015/texmf-dist/tex/latex/oberdiek/grfext.sty
Package: grfext 2010/08/19 v1.1 Manage graphics extensions (HO)
)
Package grfext Info: Graphics extension search list:
(grfext)             [.png,.pdf,.jpg,.mps,.jpeg,.jbig2,.jb2,.PNG,.PDF,.JPG,.JPE
G,.JBIG2,.JB2,.eps]
(grfext)             \AppendGraphicsExtensions on input line 452.

(/usr/local/texlive/2015/texmf-dist/tex/latex/latexconfig/epstopdf-sys.cfg
File: epstopdf-sys.cfg 2010/07/13 v1.3 Configuration of (r)epstopdf for TeX Liv
e
))
\AtBeginShipoutBox=\box27
Package hyperref Info: Link coloring OFF on input line 10.

(/usr/local/texlive/2015/texmf-dist/tex/latex/hyperref/nameref.sty
Package: nameref 2012/10/27 v2.43 Cross-referencing by name of section

(/usr/local/texlive/2015/texmf-dist/tex/generic/oberdiek/gettitlestring.sty
Package: gettitlestring 2010/12/03 v1.4 Cleanup title references (HO)
)
\c@section@level=\count104
)
LaTeX Info: Redefining \ref on input line 10.
LaTeX Info: Redefining \pageref on input line 10.
LaTeX Info: Redefining \nameref on input line 10.

(./FinalReport.out) (./FinalReport.out)
\@outlinefile=\write3
\openout3 = `FinalReport.out'.

 [1

{/usr/local/texlive/2015/texmf-var/fonts/map/pdftex/updmap/pdftex.map}] (./Intr
oduction.tex
Underfull \hbox (badness 10000) in paragraph at lines 2--6

 []


Underfull \hbox (badness 10000) in paragraph at lines 7--12

 []


Underfull \hbox (badness 10000) in paragraph at lines 13--17

 []


Underfull \hbox (badness 10000) in paragraph at lines 18--23

 []


Underfull \hbox (badness 10000) in paragraph at lines 24--29

 []

pdfTeX warning (ext4): destination with the same identifier (name{page.1}) has 
been already used, duplicate ignored
<to be read again> 
                   \relax 
l.32 \newpage
              [1]) (./FinalReport.toc
LaTeX Font Info:    External font `cmex10' loaded for size
(Font)              <7> on input line 2.
LaTeX Font Info:    External font `cmex10' loaded for size
(Font)              <5> on input line 2.
 [2])
\tf@toc=\write4
\openout4 = `FinalReport.toc'.

 [3] (./TheData.tex
Underfull \hbox (badness 10000) in paragraph at lines 2--9

 []


Overfull \hbox (13.84016pt too wide) in paragraph at lines 10--13
[]\OT1/cmr/m/n/10 From these fields, \OT1/cmtt/m/n/10 Critic[]score, Critic[]co
unt, User[]score \OT1/cmr/m/n/10 and \OT1/cmtt/m/n/10 User[]count
 []


Underfull \hbox (badness 10000) in paragraph at lines 18--20

 []


Underfull \hbox (badness 10000) in paragraph at lines 21--27

 []


Underfull \hbox (badness 10000) in paragraph at lines 28--32

 []


Underfull \hbox (badness 10000) in paragraph at lines 34--38

 []

[4]
Underfull \hbox (badness 10000) in paragraph at lines 39--41

 []


Underfull \hbox (badness 10000) in paragraph at lines 48--51

 []

) [5] (./Nintendo.tex
Underfull \hbox (badness 10000) in paragraph at lines 2--6

 []


Underfull \hbox (badness 10000) in paragraph at lines 7--12

 []


Underfull \hbox (badness 10000) in paragraph at lines 13--19

 []


Underfull \hbox (badness 10000) in paragraph at lines 19--24

 []


Underfull \hbox (badness 10000) in paragraph at lines 24--30

 []

[6]
Underfull \hbox (badness 10000) in paragraph at lines 30--36

 []


Underfull \hbox (badness 10000) in paragraph at lines 36--43

 []


Underfull \hbox (badness 10000) in paragraph at lines 43--52

 []

[7]
Underfull \hbox (badness 10000) in paragraph at lines 52--61

 []


Underfull \hbox (badness 10000) in paragraph at lines 61--71

 []


Underfull \hbox (badness 10000) in paragraph at lines 71--82

 []

[8] [9]
Underfull \hbox (badness 10000) in paragraph at lines 90--96

 []

<images/NintendoMainTarget.png, id=283, 1606.0pt x 903.375pt>
File: images/NintendoMainTarget.png Graphic file (type png)

<use images/NintendoMainTarget.png>
Package pdftex.def Info: images/NintendoMainTarget.png used on input line 101.
(pdftex.def)             Requested size: 481.80373pt x 271.01459pt.
) [10 <./images/NintendoMainTarget.png (PNG copy)>] (./Sony.tex
Underfull \hbox (badness 10000) in paragraph at lines 2--6

 []


Underfull \hbox (badness 10000) in paragraph at lines 7--12

 []


Underfull \hbox (badness 10000) in paragraph at lines 13--21

 []


Underfull \hbox (badness 10000) in paragraph at lines 21--35

 []

[11]
Underfull \hbox (badness 10000) in paragraph at lines 43--56

 []

[12]
Underfull \hbox (badness 10000) in paragraph at lines 56--64

 []

[13] <images/SonyMainTarget.png, id=312, 679.53876pt x 807.015pt>
File: images/SonyMainTarget.png Graphic file (type png)

<use images/SonyMainTarget.png>
Package pdftex.def Info: images/SonyMainTarget.png used on input line 83.
(pdftex.def)             Requested size: 203.8632pt x 242.10637pt.
) [14 <./images/SonyMainTarget.png (PNG copy)>]
(./Microsoft.tex
Underfull \hbox (badness 10000) in paragraph at lines 2--9

 []

[15]
Underfull \hbox (badness 10000) in paragraph at lines 34--43

 []

<images/MicrosoftMainTarget.png, id=328, 803.0pt x 597.23125pt>
File: images/MicrosoftMainTarget.png Graphic file (type png)

<use images/MicrosoftMainTarget.png>
Package pdftex.def Info: images/MicrosoftMainTarget.png used on input line 49.
(pdftex.def)             Requested size: 281.05421pt x 209.03406pt.
) [16 <./images/MicrosoftMainTarget.png (PNG copy)>] (./Sega.tex [17]
Underfull \hbox (badness 10000) in paragraph at lines 61--70

 []

[18]

LaTeX Warning: Reference `fig:SegaImage.' on page 19 undefined on input line 72
.


Underfull \hbox (badness 10000) in paragraph at lines 71--73

 []

<images/SegaMainTarget.png, id=354, 481.8pt x 361.35pt>
File: images/SegaMainTarget.png Graphic file (type png)

<use images/SegaMainTarget.png>
Package pdftex.def Info: images/SegaMainTarget.png used on input line 76.
(pdftex.def)             Requested size: 385.4405pt x 289.0804pt.
) [19 <./images/SegaMainTarget.png (PNG copy)>]
(./PC.tex <images/PCMainTarget.png, id=363, 1027.84pt x 770.88pt>
File: images/PCMainTarget.png Graphic file (type png)

<use images/PCMainTarget.png>
Package pdftex.def Info: images/PCMainTarget.png used on input line 21.
(pdftex.def)             Requested size: 256.95937pt x 192.71953pt.
) [20 <./images/PCMainTarget.png (PNG copy)>]
(./Other.tex
Underfull \hbox (badness 10000) in paragraph at lines 2--6

 []


LaTeX Warning: Citation `Atari2600' on page 21 undefined on input line 14.

[21] [22] [23]
Underfull \hbox (badness 10000) in paragraph at lines 83--85

 []

<images/OtherMainTarget.png, id=393, 1912.14375pt x 1642.135pt>
File: images/OtherMainTarget.png Graphic file (type png)

<use images/OtherMainTarget.png>
Package pdftex.def Info: images/OtherMainTarget.png used on input line 88.
(pdftex.def)             Requested size: 382.42198pt x 328.42117pt.
) [24 <./images/OtherMainTarget.png (PNG copy)>] (./Conclusions.tex
Underfull \hbox (badness 10000) in paragraph at lines 2--6

 []


Underfull \hbox (badness 10000) in paragraph at lines 7--11

 []


Underfull \hbox (badness 10000) in paragraph at lines 12--17

 []

) [25] (./References.tex
Underfull \hbox (badness 10000) in paragraph at lines 14--17
[]\OT1/cmr/m/n/10 Vuforia Aug-mented Re-al-ity. (n.d.). Vu-fo-ria. [On-line]. A
vail-able:
 []


Underfull \hbox (badness 5607) in paragraph at lines 18--21
[]\OT1/cmr/m/n/10 Video Game Sales with Rat-ings. (n.d.). Kag-gle. [On-line]. A
vail-
 []


Underfull \hbox (badness 1838) in paragraph at lines 18--21
\OT1/cmr/m/n/10 able: https://www.kaggle.com/rush4ratio/video-game-sales-with-r
atings/
 []


Underfull \hbox (badness 10000) in paragraph at lines 22--25
[]\OT1/cmr/m/n/10 Nintendo. (n.d.). Wikipedia. [On-line]. Avail-able:
 []


Underfull \hbox (badness 5175) in paragraph at lines 26--29
[]\OT1/cmr/m/n/10 Sony In-ter-ac-tive En-ter-tain-ment. (n.d.). Wikipedia. [On-
line]. Avail-
 []


Underfull \hbox (badness 1675) in paragraph at lines 26--29
\OT1/cmr/m/n/10 able: https://en.wikipedia.org/wiki/Sony[]Interactive[]Entertai
nment Ac-
 []


Underfull \hbox (badness 10000) in paragraph at lines 30--33
[]\OT1/cmr/m/n/10 Microsoft Xbox (n.d.). Wikipedia. [On-line]. Avail-able:
 []


Underfull \hbox (badness 10000) in paragraph at lines 34--37
[]\OT1/cmr/m/n/10 Sega (n.d.). Wikipedia. [On-line]. Avail-able:
 []


Underfull \hbox (badness 10000) in paragraph at lines 38--41
[]\OT1/cmr/m/n/10 Sega Gen-e-sis (n.d.). Wikipedia. [On-line]. Avail-able:
 []


Underfull \hbox (badness 10000) in paragraph at lines 42--45
[]\OT1/cmr/m/n/10 Sega Sat-urn (n.d.). Wikipedia. [On-line]. Avail-able:
 []


Underfull \hbox (badness 10000) in paragraph at lines 46--49
[]\OT1/cmr/m/n/10 Sega CD (n.d.). Wikipedia. [On-line]. Avail-able:
 []


Underfull \hbox (badness 10000) in paragraph at lines 50--53
[]\OT1/cmr/m/n/10 Sega Gamegear (n.d.). Wikipedia. [On-line]. Avail-able:
 []


Underfull \hbox (badness 10000) in paragraph at lines 54--57
[]\OT1/cmr/m/n/10 Sega Dream-cast (n.d.). Wikipedia. [On-line]. Avail-able:
 []

[26]
Underfull \hbox (badness 10000) in paragraph at lines 58--61
[]\OT1/cmr/m/n/10 PC Games (n.d.). Wikipedia. [On-line]. Avail-able:
 []


Underfull \hbox (badness 10000) in paragraph at lines 66--69
[]\OT1/cmr/m/n/10 Wonder Swan (n.d.). Wikipedia. [On-line]. Avail-able:
 []


Underfull \hbox (badness 10000) in paragraph at lines 74--77
[]\OT1/cmr/m/n/10 Turbo Grafx 16 (n.d.). Wikipedia. [On-line]. Avail-able:
 []


Underfull \hbox (badness 3108) in paragraph at lines 78--81
[]\OT1/cmr/m/n/10 3DO In-ter-ac-tive Mul-ti-player (n.d.). Wikipedia. [On-line]
. Avail-able:
 []


Underfull \hbox (badness 10000) in paragraph at lines 78--81
\OT1/cmr/m/n/10 https://en.wikipedia.org/wiki/3DO[]Interactive[]Multiplayer Ac-
cessed
 []


Underfull \hbox (badness 10000) in paragraph at lines 82--85
[]\OT1/cmr/m/n/10 PC-FX (n.d.). Wikipedia. [On-line]. Avail-able:
 []

)
Package atveryend Info: Empty hook `BeforeClearDocument' on input line 51.
 [27]
Package atveryend Info: Empty hook `AfterLastShipout' on input line 51.
 (./FinalReport.aux)
Package atveryend Info: Executing hook `AtVeryEndDocument' on input line 51.
Package atveryend Info: Executing hook `AtEndAfterFileList' on input line 51.
Package rerunfilecheck Info: File `FinalReport.out' has not changed.
(rerunfilecheck)             Checksum: 75BF501CFDCD13FF2BD74E0DE38A361E;2520.


LaTeX Warning: There were undefined references.

Package atveryend Info: Empty hook `AtVeryVeryEnd' on input line 51.
 ) 
Here is how much of TeX's memory you used:
 5327 strings out of 493089
 80014 string characters out of 6134842
 163954 words of memory out of 5000000
 8656 multiletter control sequences out of 15000+600000
 6737 words of font info for 24 fonts, out of 8000000 for 9000
 1141 hyphenation exceptions out of 8191
 29i,6n,28p,352b,423s stack positions out of 5000i,500n,10000p,200000b,80000s
</usr/local/texlive/2015/texmf-dist/fonts/type1/public/amsfonts/cm/cmbx10.pfb
></usr/local/texlive/2015/texmf-dist/fonts/type1/public/amsfonts/cm/cmbx12.pfb>
</usr/local/texlive/2015/texmf-dist/fonts/type1/public/amsfonts/cm/cmbxti10.pfb
></usr/local/texlive/2015/texmf-dist/fonts/type1/public/amsfonts/cm/cmr10.pfb><
/usr/local/texlive/2015/texmf-dist/fonts/type1/public/amsfonts/cm/cmti10.pfb></
usr/local/texlive/2015/texmf-dist/fonts/type1/public/amsfonts/cm/cmti12.pfb></u
sr/local/texlive/2015/texmf-dist/fonts/type1/public/amsfonts/cm/cmtt10.pfb>
Output written on FinalReport.pdf (28 pages, 1977608 bytes).
PDF statistics:
 463 PDF objects out of 1000 (max. 8388607)
 415 compressed objects within 5 object streams
 97 named destinations out of 1000 (max. 500000)
 367 words of extra memory for PDF output out of 10000 (max. 10000000)

