\BOOKMARK [1][-]{section.1}{The Data}{}% 1
\BOOKMARK [2][-]{subsection.1.1}{The games}{section.1}% 2
\BOOKMARK [2][-]{subsection.1.2}{Consoles}{section.1}% 3
\BOOKMARK [2][-]{subsection.1.3}{The platforms}{section.1}% 4
\BOOKMARK [1][-]{section.2}{Nintendo}{}% 5
\BOOKMARK [2][-]{subsection.2.1}{Nintendo Entertainment System \(NES\):}{section.2}% 6
\BOOKMARK [2][-]{subsection.2.2}{Super Nintendo \(SNES\):}{section.2}% 7
\BOOKMARK [2][-]{subsection.2.3}{Gameboy:}{section.2}% 8
\BOOKMARK [2][-]{subsection.2.4}{Nintendo 64:}{section.2}% 9
\BOOKMARK [2][-]{subsection.2.5}{Gameboy Advance:}{section.2}% 10
\BOOKMARK [2][-]{subsection.2.6}{GameCube:}{section.2}% 11
\BOOKMARK [2][-]{subsection.2.7}{Nintendo DS:}{section.2}% 12
\BOOKMARK [2][-]{subsection.2.8}{Nintendo 3DS:}{section.2}% 13
\BOOKMARK [2][-]{subsection.2.9}{Nintendo Wii:}{section.2}% 14
\BOOKMARK [2][-]{subsection.2.10}{Nintendo Wii U:}{section.2}% 15
\BOOKMARK [1][-]{section.3}{Sony Interactive Entertainment}{}% 16
\BOOKMARK [2][-]{subsection.3.1}{Playstation:}{section.3}% 17
\BOOKMARK [2][-]{subsection.3.2}{Playstation 2:}{section.3}% 18
\BOOKMARK [2][-]{subsection.3.3}{Playstation Portable\(PSP\):}{section.3}% 19
\BOOKMARK [2][-]{subsection.3.4}{Playstation 3:}{section.3}% 20
\BOOKMARK [2][-]{subsection.3.5}{Playstation Vita:}{section.3}% 21
\BOOKMARK [2][-]{subsection.3.6}{Playstation 4:}{section.3}% 22
\BOOKMARK [1][-]{section.4}{Microsoft}{}% 23
\BOOKMARK [2][-]{subsection.4.1}{Xbox:}{section.4}% 24
\BOOKMARK [2][-]{subsection.4.2}{Xbox 360:}{section.4}% 25
\BOOKMARK [2][-]{subsection.4.3}{Xbox One:}{section.4}% 26
\BOOKMARK [1][-]{section.5}{SEGA}{}% 27
\BOOKMARK [2][-]{subsection.5.1}{Sega Genesis:}{section.5}% 28
\BOOKMARK [2][-]{subsection.5.2}{Sega CD:}{section.5}% 29
\BOOKMARK [2][-]{subsection.5.3}{Sega Saturn:}{section.5}% 30
\BOOKMARK [2][-]{subsection.5.4}{Sega Gamegear:}{section.5}% 31
\BOOKMARK [2][-]{subsection.5.5}{Sega Dreamcast:}{section.5}% 32
\BOOKMARK [1][-]{section.6}{PC}{}% 33
\BOOKMARK [1][-]{section.7}{Other consoles}{}% 34
\BOOKMARK [2][-]{subsection.7.1}{Atari 2600:}{section.7}% 35
\BOOKMARK [2][-]{subsection.7.2}{Wonder Swan:}{section.7}% 36
\BOOKMARK [2][-]{subsection.7.3}{Neo Geo:}{section.7}% 37
\BOOKMARK [2][-]{subsection.7.4}{Turbo Grafx 16:}{section.7}% 38
\BOOKMARK [2][-]{subsection.7.5}{3DO Interactive Multiplayer:}{section.7}% 39
\BOOKMARK [2][-]{subsection.7.6}{NEC PC-FX:}{section.7}% 40
\BOOKMARK [1][-]{section.8}{Conclusions}{}% 41
\BOOKMARK [1][-]{section.8}{References}{}% 42
